[2016-05-01 22:55:25] slim-app.INFO: Slim-Skeleton '/' route [] {"uid":"cf87e50"}
[2016-05-01 22:55:26] slim-app.INFO: Slim-Skeleton '/' route [] {"uid":"7a302cd"}
[2016-05-01 22:55:28] slim-app.INFO: Slim-Skeleton '/' route [] {"uid":"0a8f875"}
[2016-05-01 22:55:28] slim-app.INFO: Slim-Skeleton '/' route [] {"uid":"87ce40f"}
[2016-05-02 13:09:39] slim-app.INFO: Slim-Skeleton '/' route [] {"uid":"5e9797b"}
[2016-05-02 13:09:39] slim-app.INFO: Slim-Skeleton '/' route [] {"uid":"73155eb"}
[2016-05-02 13:09:40] slim-app.INFO: Slim-Skeleton '/' route [] {"uid":"a8a51af"}
[2016-05-02 13:09:40] slim-app.INFO: Slim-Skeleton '/' route [] {"uid":"2012e3b"}
[2016-05-02 13:09:41] slim-app.INFO: Slim-Skeleton '/' route [] {"uid":"b0d7e54"}
[2016-05-02 13:09:42] slim-app.INFO: Slim-Skeleton '/' route [] {"uid":"4bea3a9"}
[2016-05-02 13:09:44] slim-app.INFO: Slim-Skeleton '/' route [] {"uid":"91ffb44"}
[2016-05-02 13:09:44] slim-app.INFO: Slim-Skeleton '/' route [] {"uid":"03924e8"}
[2016-05-02 13:13:35] slim-app.INFO: Slim-Skeleton '/' route [] {"uid":"0ea0cb2"}
[2016-05-02 13:13:36] slim-app.INFO: Slim-Skeleton '/' route [] {"uid":"cc9113c"}
[2016-05-02 13:13:39] slim-app.INFO: Slim-Skeleton '/' route [] {"uid":"9fdc9ef"}
[2016-05-02 13:13:40] slim-app.INFO: Slim-Skeleton '/' route [] {"uid":"0dafac1"}
[2016-05-02 13:13:41] slim-app.INFO: Slim-Skeleton '/' route [] {"uid":"da386f7"}
[2016-05-02 13:13:42] slim-app.INFO: Slim-Skeleton '/' route [] {"uid":"f4bd215"}
[2016-05-02 13:13:42] slim-app.INFO: Slim-Skeleton '/' route [] {"uid":"779ab35"}
[2016-05-02 13:13:42] slim-app.INFO: Slim-Skeleton '/' route [] {"uid":"e200fc4"}
[2016-05-02 13:13:48] slim-app.INFO: Slim-Skeleton '/' route [] {"uid":"1add20a"}
[2016-05-02 13:13:48] slim-app.INFO: Slim-Skeleton '/' route [] {"uid":"cd6d7e5"}
[2016-05-02 13:13:48] slim-app.INFO: Slim-Skeleton '/' route [] {"uid":"6c78a4d"}
[2016-05-02 13:13:48] slim-app.INFO: Slim-Skeleton '/' route [] {"uid":"d24781a"}
[2016-05-02 13:15:41] slim-app.INFO: Slim-Skeleton '/' route [] {"uid":"09cc263"}
[2016-05-02 13:15:41] slim-app.INFO: Slim-Skeleton '/' route [] {"uid":"68f7f13"}
[2016-05-02 13:15:42] slim-app.INFO: Slim-Skeleton '/' route [] {"uid":"87bc4ff"}
[2016-05-02 13:15:42] slim-app.INFO: Slim-Skeleton '/' route [] {"uid":"75c80fc"}
[2016-05-02 13:15:47] slim-app.INFO: Slim-Skeleton '/' route [] {"uid":"9a672f4"}
[2016-05-02 13:15:48] slim-app.INFO: Slim-Skeleton '/' route [] {"uid":"311a494"}
[2016-05-02 13:16:19] slim-app.INFO: Slim-Skeleton '/' route [] {"uid":"c4c72b2"}
[2016-05-02 13:16:19] slim-app.INFO: Slim-Skeleton '/' route [] {"uid":"62e7391"}
[2016-05-02 13:16:34] slim-app.INFO: Slim-Skeleton '/' route [] {"uid":"d85506e"}
[2016-05-02 13:16:35] slim-app.INFO: Slim-Skeleton '/' route [] {"uid":"d37c047"}
[2016-05-02 13:16:36] slim-app.INFO: Slim-Skeleton '/' route [] {"uid":"a6bc82b"}
[2016-05-02 13:16:36] slim-app.INFO: Slim-Skeleton '/' route [] {"uid":"b4a78d7"}
[2016-05-02 13:17:09] slim-app.INFO: Slim-Skeleton '/' route [] {"uid":"84069b5"}
[2016-05-02 13:17:09] slim-app.INFO: Slim-Skeleton '/' route [] {"uid":"24b3abc"}
[2016-05-02 13:17:10] slim-app.INFO: Slim-Skeleton '/' route [] {"uid":"9bdb702"}
[2016-05-02 13:17:10] slim-app.INFO: Slim-Skeleton '/' route [] {"uid":"a4faa76"}
[2016-05-02 13:17:11] slim-app.INFO: Slim-Skeleton '/' route [] {"uid":"4448c1a"}
[2016-05-02 13:17:13] slim-app.INFO: Slim-Skeleton '/' route [] {"uid":"e1fe417"}
[2016-05-02 13:17:13] slim-app.INFO: Slim-Skeleton '/' route [] {"uid":"ef4ca94"}
[2016-05-02 13:18:21] slim-app.INFO: Slim-Skeleton '/' route [] {"uid":"e3be6be"}
[2016-05-02 13:18:22] slim-app.INFO: Slim-Skeleton '/' route [] {"uid":"095038e"}
[2016-05-02 13:18:23] slim-app.INFO: Slim-Skeleton '/' route [] {"uid":"6091c2a"}
[2016-05-02 13:18:23] slim-app.INFO: Slim-Skeleton '/' route [] {"uid":"74c6509"}
[2016-05-02 13:18:23] slim-app.INFO: Slim-Skeleton '/' route [] {"uid":"02f2e91"}
[2016-05-02 13:18:24] slim-app.INFO: Slim-Skeleton '/' route [] {"uid":"9e227f7"}
[2016-05-02 13:18:26] slim-app.INFO: Slim-Skeleton '/' route [] {"uid":"4b88229"}
[2016-05-02 13:18:26] slim-app.INFO: Slim-Skeleton '/' route [] {"uid":"146e91a"}
[2016-05-02 13:18:38] slim-app.INFO: Slim-Skeleton '/' route [] {"uid":"4181bd2"}
[2016-05-02 13:18:39] slim-app.INFO: Slim-Skeleton '/' route [] {"uid":"55c924c"}
[2016-05-02 13:18:39] slim-app.INFO: Slim-Skeleton '/' route [] {"uid":"d4155af"}
[2016-05-02 13:18:39] slim-app.INFO: Slim-Skeleton '/' route [] {"uid":"7759a32"}
[2016-05-02 13:18:40] slim-app.INFO: Slim-Skeleton '/' route [] {"uid":"c676741"}
[2016-05-02 13:20:13] slim-app.INFO: Slim-Skeleton '/' route [] {"uid":"762f727"}
[2016-05-02 13:20:13] slim-app.INFO: Slim-Skeleton '/' route [] {"uid":"0efa5c8"}
[2016-05-02 13:20:13] slim-app.INFO: Slim-Skeleton '/' route [] {"uid":"b1c5865"}
[2016-05-02 13:20:14] slim-app.INFO: Slim-Skeleton '/' route [] {"uid":"86a8cff"}
[2016-05-02 13:20:14] slim-app.INFO: Slim-Skeleton '/' route [] {"uid":"d4eafbc"}
[2016-05-02 13:20:15] slim-app.INFO: Slim-Skeleton '/' route [] {"uid":"8b75987"}
[2016-05-02 13:20:34] slim-app.INFO: Slim-Skeleton '/' route [] {"uid":"7b83c00"}
[2016-05-02 13:20:34] slim-app.INFO: Slim-Skeleton '/' route [] {"uid":"6c36afd"}
[2016-05-02 13:20:34] slim-app.INFO: Slim-Skeleton '/' route [] {"uid":"21d4e9f"}
[2016-05-02 13:20:34] slim-app.INFO: Slim-Skeleton '/' route [] {"uid":"cb8fb2e"}
[2016-05-02 13:20:35] slim-app.INFO: Slim-Skeleton '/' route [] {"uid":"284b54d"}
[2016-05-02 13:20:35] slim-app.INFO: Slim-Skeleton '/' route [] {"uid":"3731ebc"}
[2016-05-02 13:21:44] slim-app.INFO: Slim-Skeleton '/' route [] {"uid":"18b9974"}
[2016-05-02 13:21:44] slim-app.INFO: Slim-Skeleton '/' route [] {"uid":"26464ad"}
[2016-05-02 13:21:45] slim-app.INFO: Slim-Skeleton '/' route [] {"uid":"c0e92f9"}
[2016-05-02 13:21:46] slim-app.INFO: Slim-Skeleton '/' route [] {"uid":"3791c10"}
[2016-05-02 13:21:46] slim-app.INFO: Slim-Skeleton '/' route [] {"uid":"f384d64"}
[2016-05-02 13:21:46] slim-app.INFO: Slim-Skeleton '/' route [] {"uid":"d96d075"}
[2016-05-02 13:22:12] slim-app.INFO: Slim-Skeleton '/' route [] {"uid":"450975f"}
[2016-05-02 13:22:12] slim-app.INFO: Slim-Skeleton '/' route [] {"uid":"59c21bd"}
[2016-05-02 13:22:13] slim-app.INFO: Slim-Skeleton '/' route [] {"uid":"317c7d3"}
[2016-05-02 13:22:13] slim-app.INFO: Slim-Skeleton '/' route [] {"uid":"dfb70d5"}
[2016-05-02 13:22:13] slim-app.INFO: Slim-Skeleton '/' route [] {"uid":"6c40c76"}
[2016-05-02 13:22:14] slim-app.INFO: Slim-Skeleton '/' route [] {"uid":"bb25b52"}
[2016-05-02 13:22:32] slim-app.INFO: Slim-Skeleton '/' route [] {"uid":"35884f3"}
[2016-05-02 13:22:33] slim-app.INFO: Slim-Skeleton '/' route [] {"uid":"eb062b5"}
[2016-05-02 13:22:33] slim-app.INFO: Slim-Skeleton '/' route [] {"uid":"0a50ab6"}
[2016-05-02 13:22:34] slim-app.INFO: Slim-Skeleton '/' route [] {"uid":"2bb7a1a"}
[2016-05-02 13:26:03] slim-app.INFO: Slim-Skeleton '/' route [] {"uid":"43e2b9e"}
[2016-05-02 13:26:11] slim-app.INFO: Slim-Skeleton '/' route [] {"uid":"26bffe9"}
[2016-05-02 13:26:16] slim-app.INFO: Slim-Skeleton '/' route [] {"uid":"f88de71"}
[2016-05-02 13:26:22] slim-app.INFO: Slim-Skeleton '/' route [] {"uid":"f14a1e7"}
[2016-05-02 13:26:31] slim-app.INFO: Slim-Skeleton '/' route [] {"uid":"a03cf23"}
[2016-05-02 13:26:32] slim-app.INFO: Slim-Skeleton '/' route [] {"uid":"4a01122"}
[2016-05-02 13:28:42] slim-app.INFO: Slim-Skeleton '/' route [] {"uid":"7705772"}
[2016-05-02 13:28:43] slim-app.INFO: Slim-Skeleton '/' route [] {"uid":"76a7b77"}
[2016-05-02 13:28:43] slim-app.INFO: Slim-Skeleton '/' route [] {"uid":"9bfb5a7"}
[2016-05-02 13:28:44] slim-app.INFO: Slim-Skeleton '/' route [] {"uid":"2d5969f"}
[2016-05-02 13:28:48] slim-app.INFO: Slim-Skeleton '/' route [] {"uid":"5110861"}
[2016-05-02 13:28:49] slim-app.INFO: Slim-Skeleton '/' route [] {"uid":"d6f2931"}
[2016-05-02 13:28:49] slim-app.INFO: Slim-Skeleton '/' route [] {"uid":"e584dd2"}
[2016-05-02 13:28:50] slim-app.INFO: Slim-Skeleton '/' route [] {"uid":"2f36d8b"}
[2016-05-02 13:29:17] slim-app.INFO: Slim-Skeleton '/' route [] {"uid":"28b8b48"}
[2016-05-02 13:29:18] slim-app.INFO: Slim-Skeleton '/' route [] {"uid":"7277908"}
[2016-05-02 13:29:18] slim-app.INFO: Slim-Skeleton '/' route [] {"uid":"1099c31"}
[2016-05-02 13:29:18] slim-app.INFO: Slim-Skeleton '/' route [] {"uid":"4931a50"}
[2016-05-02 13:29:26] slim-app.INFO: Slim-Skeleton '/' route [] {"uid":"1f6064b"}
[2016-05-02 13:29:27] slim-app.INFO: Slim-Skeleton '/' route [] {"uid":"c22176e"}
[2016-05-02 13:29:27] slim-app.INFO: Slim-Skeleton '/' route [] {"uid":"7fe537d"}
[2016-05-02 13:29:28] slim-app.INFO: Slim-Skeleton '/' route [] {"uid":"d6b4fd4"}
[2016-05-02 13:29:40] slim-app.INFO: Slim-Skeleton '/' route [] {"uid":"8a0d4ca"}
[2016-05-02 13:29:49] slim-app.INFO: Slim-Skeleton '/' route [] {"uid":"7ad5b69"}
[2016-05-02 13:29:52] slim-app.INFO: Slim-Skeleton '/' route [] {"uid":"b5207ef"}
[2016-05-02 13:30:05] slim-app.INFO: Slim-Skeleton '/' route [] {"uid":"4e6da4e"}
[2016-05-02 13:30:07] slim-app.INFO: Slim-Skeleton '/' route [] {"uid":"86d3281"}
[2016-05-02 13:30:08] slim-app.INFO: Slim-Skeleton '/' route [] {"uid":"d75debd"}
[2016-05-02 13:30:08] slim-app.INFO: Slim-Skeleton '/' route [] {"uid":"0691e50"}
[2016-05-02 13:30:13] slim-app.INFO: Slim-Skeleton '/' route [] {"uid":"84810ec"}
[2016-05-02 13:30:14] slim-app.INFO: Slim-Skeleton '/' route [] {"uid":"889f7de"}
[2016-05-02 13:30:14] slim-app.INFO: Slim-Skeleton '/' route [] {"uid":"b87d4a4"}
[2016-05-02 13:30:14] slim-app.INFO: Slim-Skeleton '/' route [] {"uid":"6b17ff3"}
[2016-05-02 13:30:14] slim-app.INFO: Slim-Skeleton '/' route [] {"uid":"3486c09"}
[2016-05-02 13:30:15] slim-app.INFO: Slim-Skeleton '/' route [] {"uid":"e0d602b"}
[2016-05-02 13:30:42] slim-app.INFO: Slim-Skeleton '/' route [] {"uid":"516ee38"}
[2016-05-02 13:30:43] slim-app.INFO: Slim-Skeleton '/' route [] {"uid":"9390922"}
[2016-05-02 13:30:44] slim-app.INFO: Slim-Skeleton '/' route [] {"uid":"84b329a"}
[2016-05-02 13:30:44] slim-app.INFO: Slim-Skeleton '/' route [] {"uid":"dfd61f7"}
[2016-05-02 13:31:43] slim-app.INFO: Slim-Skeleton '/' route [] {"uid":"5f84dca"}
[2016-05-02 13:31:44] slim-app.INFO: Slim-Skeleton '/' route [] {"uid":"748a1f9"}
[2016-05-02 13:31:44] slim-app.INFO: Slim-Skeleton '/' route [] {"uid":"43250fd"}
[2016-05-02 13:31:45] slim-app.INFO: Slim-Skeleton '/' route [] {"uid":"3112a1f"}
[2016-05-02 13:31:48] slim-app.INFO: Slim-Skeleton '/' route [] {"uid":"99cc4ef"}
[2016-05-02 13:31:50] slim-app.INFO: Slim-Skeleton '/' route [] {"uid":"a3e637a"}
[2016-05-02 13:31:51] slim-app.INFO: Slim-Skeleton '/' route [] {"uid":"5c40931"}
[2016-05-02 13:31:51] slim-app.INFO: Slim-Skeleton '/' route [] {"uid":"05180fd"}
[2016-05-02 13:31:52] slim-app.INFO: Slim-Skeleton '/' route [] {"uid":"9ed158b"}
[2016-05-02 13:31:53] slim-app.INFO: Slim-Skeleton '/' route [] {"uid":"54b1a87"}
[2016-05-02 13:31:54] slim-app.INFO: Slim-Skeleton '/' route [] {"uid":"24fee0d"}
[2016-05-02 13:31:54] slim-app.INFO: Slim-Skeleton '/' route [] {"uid":"dd9ddf5"}
[2016-05-02 13:33:25] slim-app.INFO: Slim-Skeleton '/' route [] {"uid":"b3eb4ce"}
[2016-05-02 13:33:25] slim-app.INFO: Slim-Skeleton '/' route [] {"uid":"ecf9813"}
[2016-05-02 13:33:26] slim-app.INFO: Slim-Skeleton '/' route [] {"uid":"b58350b"}
[2016-05-02 13:33:26] slim-app.INFO: Slim-Skeleton '/' route [] {"uid":"388d370"}
[2016-05-02 13:33:28] slim-app.INFO: Slim-Skeleton '/' route [] {"uid":"e72d33b"}
[2016-05-02 13:33:29] slim-app.INFO: Slim-Skeleton '/' route [] {"uid":"7e8d380"}
[2016-05-02 13:34:03] slim-app.INFO: Slim-Skeleton '/' route [] {"uid":"86a8d16"}
[2016-05-02 13:34:04] slim-app.INFO: Slim-Skeleton '/' route [] {"uid":"7e7b36f"}
[2016-05-02 13:34:07] slim-app.INFO: Slim-Skeleton '/' route [] {"uid":"9e867e5"}
[2016-05-02 13:34:07] slim-app.INFO: Slim-Skeleton '/' route [] {"uid":"3b834d8"}
[2016-05-02 13:44:19] slim-app.INFO: Slim-Skeleton '/' route [] {"uid":"a939aae"}
[2016-05-02 13:44:20] slim-app.INFO: Slim-Skeleton '/' route [] {"uid":"cf2ce46"}
[2016-05-02 13:44:21] slim-app.INFO: Slim-Skeleton '/' route [] {"uid":"c149917"}
[2016-05-02 13:48:21] slim-app.INFO: Slim-Skeleton '/' route [] {"uid":"27b5b7d"}
[2016-05-02 13:48:22] slim-app.INFO: Slim-Skeleton '/' route [] {"uid":"a56e570"}
[2016-05-02 13:48:23] slim-app.INFO: Slim-Skeleton '/' route [] {"uid":"7e1d348"}
[2016-05-02 13:48:23] slim-app.INFO: Slim-Skeleton '/' route [] {"uid":"cdf9b4a"}
[2016-05-02 13:57:42] slim-app.INFO: Slim-Skeleton '/' route [] {"uid":"70d8f3f"}
[2016-05-02 13:57:43] slim-app.INFO: Slim-Skeleton '/' route [] {"uid":"b5ed847"}
[2016-05-02 13:59:49] slim-app.INFO: Slim-Skeleton '/' route [] {"uid":"2b5008b"}
[2016-05-02 13:59:49] slim-app.INFO: Slim-Skeleton '/' route [] {"uid":"fe039c6"}
[2016-05-02 14:03:52] slim-app.INFO: Slim-Skeleton '/' route [] {"uid":"83d5e10"}
[2016-05-02 14:03:53] slim-app.INFO: Slim-Skeleton '/' route [] {"uid":"843f91e"}
[2016-05-02 14:05:12] slim-app.INFO: Slim-Skeleton '/' route [] {"uid":"c6e24f9"}
[2016-05-02 14:05:12] slim-app.INFO: Slim-Skeleton '/' route [] {"uid":"99ab64e"}
[2016-05-02 14:05:13] slim-app.INFO: Slim-Skeleton '/' route [] {"uid":"87b8e37"}
[2016-05-02 14:05:13] slim-app.INFO: Slim-Skeleton '/' route [] {"uid":"22b735f"}
[2016-05-02 14:05:14] slim-app.INFO: Slim-Skeleton '/' route [] {"uid":"e926b1c"}
[2016-05-02 14:05:15] slim-app.INFO: Slim-Skeleton '/' route [] {"uid":"9c51e32"}
[2016-05-02 14:05:19] slim-app.INFO: Slim-Skeleton '/' route [] {"uid":"fc51d06"}
[2016-05-02 14:05:19] slim-app.INFO: Slim-Skeleton '/' route [] {"uid":"333b713"}
[2016-05-02 14:05:31] slim-app.INFO: Slim-Skeleton '/' route [] {"uid":"d296503"}
[2016-05-02 14:05:32] slim-app.INFO: Slim-Skeleton '/' route [] {"uid":"529ffb5"}
[2016-05-02 14:05:33] slim-app.INFO: Slim-Skeleton '/' route [] {"uid":"0f7ce4a"}
[2016-05-02 14:05:33] slim-app.INFO: Slim-Skeleton '/' route [] {"uid":"e6b104b"}
[2016-05-02 14:05:43] slim-app.INFO: Slim-Skeleton '/' route [] {"uid":"62163e8"}
[2016-05-02 14:05:43] slim-app.INFO: Slim-Skeleton '/' route [] {"uid":"e3d5355"}
[2016-05-02 14:05:45] slim-app.INFO: Slim-Skeleton '/' route [] {"uid":"ae7135f"}
[2016-05-02 14:05:45] slim-app.INFO: Slim-Skeleton '/' route [] {"uid":"30b1a60"}
[2016-05-02 14:06:26] slim-app.INFO: Slim-Skeleton '/' route [] {"uid":"d4d1a43"}
[2016-05-02 14:06:26] slim-app.INFO: Slim-Skeleton '/' route [] {"uid":"05d646c"}
[2016-05-02 14:06:28] slim-app.INFO: Slim-Skeleton '/' route [] {"uid":"6bff29b"}
[2016-05-02 14:06:28] slim-app.INFO: Slim-Skeleton '/' route [] {"uid":"dcb8978"}
[2016-05-02 14:06:29] slim-app.INFO: Slim-Skeleton '/' route [] {"uid":"f0d40d0"}
[2016-05-02 14:06:29] slim-app.INFO: Slim-Skeleton '/' route [] {"uid":"f22910f"}
[2016-05-02 14:08:35] slim-app.INFO: Slim-Skeleton '/' route [] {"uid":"10c7ab8"}
[2016-05-02 14:08:35] slim-app.INFO: Slim-Skeleton '/' route [] {"uid":"c4c6d89"}
[2016-05-02 14:08:40] slim-app.INFO: Slim-Skeleton '/' route [] {"uid":"0f47cd4"}
[2016-05-02 14:09:25] slim-app.INFO: Slim-Skeleton '/' route [] {"uid":"8510b65"}
[2016-05-02 14:09:26] slim-app.INFO: Slim-Skeleton '/' route [] {"uid":"27decc7"}
[2016-05-02 14:09:35] slim-app.INFO: Slim-Skeleton '/' route [] {"uid":"84c24dd"}
[2016-05-02 14:20:57] slim-app.INFO: Slim-Skeleton '/' route [] {"uid":"73c31b0"}
[2016-05-02 14:20:58] slim-app.INFO: Slim-Skeleton '/' route [] {"uid":"5a7e381"}
[2016-05-02 14:24:20] slim-app.INFO: Slim-Skeleton '/' route [] {"uid":"e377c4f"}
[2016-05-02 14:24:20] slim-app.INFO: Slim-Skeleton '/' route [] {"uid":"a8dd023"}
[2016-05-02 14:24:28] slim-app.INFO: Slim-Skeleton '/' route [] {"uid":"1ba0d9e"}
[2016-05-02 14:24:28] slim-app.INFO: Slim-Skeleton '/' route [] {"uid":"f8bcc85"}
[2016-05-02 14:24:29] slim-app.INFO: Slim-Skeleton '/' route [] {"uid":"053bbd2"}
[2016-05-02 14:24:30] slim-app.INFO: Slim-Skeleton '/' route [] {"uid":"e00fc53"}
[2016-05-02 14:24:30] slim-app.INFO: Slim-Skeleton '/' route [] {"uid":"1fb68b2"}
[2016-05-02 14:24:30] slim-app.INFO: Slim-Skeleton '/' route [] {"uid":"21b9612"}
[2016-05-02 14:25:08] slim-app.INFO: Slim-Skeleton '/' route [] {"uid":"e937127"}
[2016-05-02 14:25:31] slim-app.INFO: Slim-Skeleton '/' route [] {"uid":"e7845b0"}
[2016-05-02 14:25:32] slim-app.INFO: Slim-Skeleton '/' route [] {"uid":"91658db"}
[2016-05-02 14:25:33] slim-app.INFO: Slim-Skeleton '/' route [] {"uid":"de86885"}
[2016-05-02 14:25:46] slim-app.INFO: Slim-Skeleton '/' route [] {"uid":"ab1617f"}
[2016-05-02 14:26:13] slim-app.INFO: Slim-Skeleton '/' route [] {"uid":"4aa784c"}
[2016-05-02 14:27:48] slim-app.INFO: Slim-Skeleton '/' route [] {"uid":"b43add0"}
[2016-05-02 14:28:16] slim-app.INFO: Slim-Skeleton '/' route [] {"uid":"11cbe67"}
[2016-05-02 14:28:17] slim-app.INFO: Slim-Skeleton '/' route [] {"uid":"c2108ad"}
[2016-05-02 14:28:19] slim-app.INFO: Slim-Skeleton '/' route [] {"uid":"56d44d6"}
[2016-05-02 14:28:19] slim-app.INFO: Slim-Skeleton '/' route [] {"uid":"048ea96"}
[2016-05-02 14:28:27] slim-app.INFO: Slim-Skeleton '/' route [] {"uid":"96f903e"}
[2016-05-02 14:28:27] slim-app.INFO: Slim-Skeleton '/' route [] {"uid":"40dd1f5"}
[2016-05-02 14:28:30] slim-app.INFO: Slim-Skeleton '/' route [] {"uid":"1e2f496"}
[2016-05-02 14:28:41] slim-app.INFO: Slim-Skeleton '/' route [] {"uid":"d2396b8"}
[2016-05-02 14:29:04] slim-app.INFO: Slim-Skeleton '/' route [] {"uid":"88f1137"}
[2016-05-02 14:29:05] slim-app.INFO: Slim-Skeleton '/' route [] {"uid":"8e9d91b"}
[2016-05-02 14:29:11] slim-app.INFO: Slim-Skeleton '/' route [] {"uid":"824a8d6"}
[2016-05-02 14:29:11] slim-app.INFO: Slim-Skeleton '/' route [] {"uid":"af10e79"}
[2016-05-02 14:29:12] slim-app.INFO: Slim-Skeleton '/' route [] {"uid":"000ec6f"}
[2016-05-02 14:30:00] slim-app.INFO: Slim-Skeleton '/' route [] {"uid":"e343f5c"}
[2016-05-02 14:30:01] slim-app.INFO: Slim-Skeleton '/' route [] {"uid":"fbc8cbd"}
[2016-05-02 14:54:33] slim-app.INFO: Slim-Skeleton '/' route [] {"uid":"2ba0382"}
[2016-05-02 14:54:33] slim-app.INFO: Slim-Skeleton '/' route [] {"uid":"526fcc9"}
[2016-05-02 14:54:36] slim-app.INFO: Slim-Skeleton '/' route [] {"uid":"17c6aea"}
[2016-05-02 14:55:46] slim-app.INFO: Slim-Skeleton '/' route [] {"uid":"57c6db7"}
[2016-05-02 14:56:59] slim-app.INFO: Slim-Skeleton '/' route [] {"uid":"e512710"}
[2016-05-02 14:57:00] slim-app.INFO: Slim-Skeleton '/' route [] {"uid":"cfba74e"}
[2016-05-02 14:57:01] slim-app.INFO: Slim-Skeleton '/' route [] {"uid":"c307dc6"}
[2016-05-02 14:57:01] slim-app.INFO: Slim-Skeleton '/' route [] {"uid":"433befa"}
[2016-05-02 14:57:02] slim-app.INFO: Slim-Skeleton '/' route [] {"uid":"1a8edce"}
[2016-05-02 14:57:02] slim-app.INFO: Slim-Skeleton '/' route [] {"uid":"6495f3b"}
[2016-05-02 14:57:06] slim-app.INFO: Slim-Skeleton '/' route [] {"uid":"2f65063"}
[2016-05-02 14:57:06] slim-app.INFO: Slim-Skeleton '/' route [] {"uid":"fd0d974"}
[2016-05-02 14:57:07] slim-app.INFO: Slim-Skeleton '/' route [] {"uid":"808c390"}
[2016-05-02 14:57:07] slim-app.INFO: Slim-Skeleton '/' route [] {"uid":"626486f"}
[2016-05-02 14:57:08] slim-app.INFO: Slim-Skeleton '/' route [] {"uid":"d4e5ec4"}
[2016-05-02 14:57:17] slim-app.INFO: Slim-Skeleton '/' route [] {"uid":"ba8255a"}
[2016-05-02 14:57:17] slim-app.INFO: Slim-Skeleton '/' route [] {"uid":"54f684f"}
[2016-05-02 15:00:05] slim-app.INFO: Slim-Skeleton '/' route [] {"uid":"f8eef15"}
[2016-05-02 15:02:07] slim-app.INFO: Slim-Skeleton '/' route [] {"uid":"c3f4b83"}
[2016-05-02 15:02:39] slim-app.INFO: Slim-Skeleton '/' route [] {"uid":"baeb403"}
[2016-05-02 15:03:27] slim-app.INFO: Slim-Skeleton '/' route [] {"uid":"b5ab77b"}
[2016-05-02 15:03:28] slim-app.INFO: Slim-Skeleton '/' route [] {"uid":"9e4830d"}
[2016-05-02 15:03:29] slim-app.INFO: Slim-Skeleton '/' route [] {"uid":"9e55618"}
[2016-05-02 15:03:36] slim-app.INFO: Slim-Skeleton '/' route [] {"uid":"701a86f"}
[2016-05-02 15:03:45] slim-app.INFO: Slim-Skeleton '/' route [] {"uid":"68b546f"}
[2016-05-02 15:04:07] slim-app.INFO: Slim-Skeleton '/' route [] {"uid":"b6d253d"}
[2016-05-02 16:18:18] slim-app.INFO: Slim-Skeleton '/' route [] {"uid":"f81183c"}
[2016-05-02 16:21:57] slim-app.INFO: Slim-Skeleton '/' route [] {"uid":"9751c4f"}
[2016-05-02 16:21:58] slim-app.INFO: Slim-Skeleton '/' route [] {"uid":"d3087c0"}
[2016-05-02 16:21:59] slim-app.INFO: Slim-Skeleton '/' route [] {"uid":"c5e7785"}
[2016-05-02 16:22:23] slim-app.INFO: Slim-Skeleton '/' route [] {"uid":"10b5db4"}
[2016-05-02 16:27:43] slim-app.INFO: Slim-Skeleton '/' route [] {"uid":"26d8cec"}
[2016-05-02 16:28:09] slim-app.INFO: Slim-Skeleton '/' route [] {"uid":"91c9988"}
[2016-05-02 16:28:13] slim-app.INFO: Slim-Skeleton '/' route [] {"uid":"b55d43c"}
[2016-05-02 16:28:13] slim-app.INFO: Slim-Skeleton '/' route [] {"uid":"40059a1"}
[2016-05-02 16:28:19] slim-app.INFO: Slim-Skeleton '/' route [] {"uid":"7c4766b"}
[2016-05-02 16:28:20] slim-app.INFO: Slim-Skeleton '/' route [] {"uid":"92def0d"}
[2016-05-02 16:28:20] slim-app.INFO: Slim-Skeleton '/' route [] {"uid":"41c5f7c"}
[2016-05-02 16:28:35] slim-app.INFO: Slim-Skeleton '/' route [] {"uid":"808f252"}
[2016-05-02 16:28:38] slim-app.INFO: Slim-Skeleton '/' route [] {"uid":"af3490c"}
[2016-05-02 16:28:38] slim-app.INFO: Slim-Skeleton '/' route [] {"uid":"826bef2"}
[2016-05-02 16:28:42] slim-app.INFO: Slim-Skeleton '/' route [] {"uid":"f66aeae"}
[2016-05-02 16:28:43] slim-app.INFO: Slim-Skeleton '/' route [] {"uid":"df5e0d0"}
[2016-05-02 16:28:48] slim-app.INFO: Slim-Skeleton '/' route [] {"uid":"3d86671"}
[2016-05-02 16:29:23] slim-app.INFO: Slim-Skeleton '/' route [] {"uid":"9eea3dc"}
[2016-05-02 16:29:24] slim-app.INFO: Slim-Skeleton '/' route [] {"uid":"c0d7445"}
[2016-05-02 16:29:41] slim-app.INFO: Slim-Skeleton '/' route [] {"uid":"8273dc9"}
[2016-05-02 16:30:04] slim-app.INFO: Slim-Skeleton '/' route [] {"uid":"ec0d0a2"}
[2016-05-02 16:30:05] slim-app.INFO: Slim-Skeleton '/' route [] {"uid":"7100818"}
[2016-05-02 16:30:06] slim-app.INFO: Slim-Skeleton '/' route [] {"uid":"d74fb87"}
[2016-05-02 16:30:06] slim-app.INFO: Slim-Skeleton '/' route [] {"uid":"a61d61d"}
[2016-05-02 16:30:07] slim-app.INFO: Slim-Skeleton '/' route [] {"uid":"89f76c0"}
[2016-05-02 16:30:07] slim-app.INFO: Slim-Skeleton '/' route [] {"uid":"c643569"}
[2016-05-02 16:30:08] slim-app.INFO: Slim-Skeleton '/' route [] {"uid":"236a09f"}
[2016-05-02 16:30:08] slim-app.INFO: Slim-Skeleton '/' route [] {"uid":"30246d1"}
[2016-05-02 16:30:09] slim-app.INFO: Slim-Skeleton '/' route [] {"uid":"9f7ecf2"}
[2016-05-02 16:33:06] slim-app.INFO: Slim-Skeleton '/' route [] {"uid":"6e480ac"}
[2016-05-02 16:33:07] slim-app.INFO: Slim-Skeleton '/' route [] {"uid":"ed31544"}
[2016-05-02 16:33:08] slim-app.INFO: Slim-Skeleton '/' route [] {"uid":"6bc5f8f"}
[2016-05-02 16:33:19] slim-app.INFO: Slim-Skeleton '/' route [] {"uid":"51f5964"}
[2016-05-02 16:33:20] slim-app.INFO: Slim-Skeleton '/' route [] {"uid":"e997249"}
[2016-05-02 16:33:29] slim-app.INFO: Slim-Skeleton '/' route [] {"uid":"ba1790b"}
[2016-05-02 16:33:54] slim-app.INFO: Slim-Skeleton '/' route [] {"uid":"85a133c"}
[2016-05-02 16:34:50] slim-app.INFO: Slim-Skeleton '/' route [] {"uid":"966a260"}
[2016-05-02 16:34:52] slim-app.INFO: Slim-Skeleton '/' route [] {"uid":"e470955"}
[2016-05-02 16:37:47] slim-app.INFO: Slim-Skeleton '/' route [] {"uid":"14a337e"}
[2016-05-02 17:10:18] slim-app.INFO: Slim-Skeleton '/' route [] {"uid":"1947a52"}
[2016-05-02 17:18:21] slim-app.INFO: Slim-Skeleton '/' route [] {"uid":"4093dbd"}
[2016-05-02 17:18:56] slim-app.INFO: Slim-Skeleton '/' route [] {"uid":"490b946"}
[2016-05-02 17:18:57] slim-app.INFO: Slim-Skeleton '/' route [] {"uid":"6f83060"}
[2016-05-02 17:20:44] slim-app.INFO: Slim-Skeleton '/' route [] {"uid":"f028608"}
<<<<<<< HEAD
[2016-05-02 19:53:52] slim-app.INFO: Slim-Skeleton '/' route [] {"uid":"6d67457"}
[2016-05-02 20:04:18] slim-app.INFO: Slim-Skeleton '/' route [] {"uid":"3d6d635"}
[2016-05-02 20:04:20] slim-app.INFO: Slim-Skeleton '/' route [] {"uid":"7cf6274"}
=======
>>>>>>> parent of 8d08e82... Landing
[2016-05-02 20:30:34] slim-app.INFO: Slim-Skeleton '/' route [] {"uid":"da5b8e3"}
[2016-05-02 20:30:57] slim-app.INFO: Slim-Skeleton '/' route [] {"uid":"19f6c17"}
[2016-05-02 20:31:01] slim-app.INFO: Slim-Skeleton '/' route [] {"uid":"8e671a0"}
[2016-05-02 20:31:03] slim-app.INFO: Slim-Skeleton '/' route [] {"uid":"d137359"}
[2016-05-02 20:41:50] slim-app.INFO: Slim-Skeleton '/' route [] {"uid":"04a839f"}
[2016-05-02 20:41:57] slim-app.INFO: Slim-Skeleton '/' route [] {"uid":"207a48a"}
[2016-05-02 20:41:58] slim-app.INFO: Slim-Skeleton '/' route [] {"uid":"abd0ee1"}
[2016-05-02 20:41:58] slim-app.INFO: Slim-Skeleton '/' route [] {"uid":"9da8918"}
[2016-05-02 20:41:59] slim-app.INFO: Slim-Skeleton '/' route [] {"uid":"245b8c0"}
[2016-05-02 20:43:11] slim-app.INFO: Slim-Skeleton '/' route [] {"uid":"b924bcf"}
[2016-05-02 20:43:32] slim-app.INFO: Slim-Skeleton '/' route [] {"uid":"fc8874b"}
[2016-05-02 20:44:55] slim-app.INFO: Slim-Skeleton '/' route [] {"uid":"5c99617"}
[2016-05-02 20:48:42] slim-app.INFO: Slim-Skeleton '/' route [] {"uid":"e00ec74"}
[2016-05-02 20:48:44] slim-app.INFO: Slim-Skeleton '/' route [] {"uid":"24179cf"}
[2016-05-02 20:48:47] slim-app.INFO: Slim-Skeleton '/' route [] {"uid":"a55ffa4"}
[2016-05-02 20:50:04] slim-app.INFO: Slim-Skeleton '/' route [] {"uid":"b33b495"}
[2016-05-02 20:51:01] slim-app.INFO: Slim-Skeleton '/' route [] {"uid":"5d709a6"}
[2016-05-02 20:52:12] slim-app.INFO: Slim-Skeleton '/' route [] {"uid":"46a7f4a"}
[2016-05-02 20:53:50] slim-app.INFO: Slim-Skeleton '/' route [] {"uid":"b007ed3"}
[2016-05-02 20:55:06] slim-app.INFO: Slim-Skeleton '/' route [] {"uid":"a86558c"}
[2016-05-02 21:22:48] slim-app.INFO: Slim-Skeleton '/' route [] {"uid":"7e88f8c"}
[2016-05-02 21:22:51] slim-app.INFO: Slim-Skeleton '/' route [] {"uid":"dbdc5ec"}
[2016-05-02 21:23:12] slim-app.INFO: Slim-Skeleton '/' route [] {"uid":"fad6401"}
[2016-05-02 21:26:17] slim-app.INFO: Slim-Skeleton '/' route [] {"uid":"87548ca"}
[2016-05-02 21:26:27] slim-app.INFO: Slim-Skeleton '/' route [] {"uid":"ea69022"}
[2016-05-02 21:26:28] slim-app.INFO: Slim-Skeleton '/' route [] {"uid":"14f5e0c"}
[2016-05-02 21:27:59] slim-app.INFO: Slim-Skeleton '/' route [] {"uid":"d1aa911"}
[2016-05-02 21:28:30] slim-app.INFO: Slim-Skeleton '/' route [] {"uid":"6a58dd1"}
[2016-05-02 21:28:32] slim-app.INFO: Slim-Skeleton '/' route [] {"uid":"62becf0"}
[2016-05-02 21:30:45] slim-app.INFO: Slim-Skeleton '/' route [] {"uid":"f32ab0f"}
[2016-05-02 21:33:14] slim-app.INFO: Slim-Skeleton '/' route [] {"uid":"3bf16e8"}
[2016-05-02 21:33:19] slim-app.INFO: Slim-Skeleton '/' route [] {"uid":"feb95b8"}
[2016-05-02 21:33:29] slim-app.INFO: Slim-Skeleton '/' route [] {"uid":"5232e33"}
[2016-05-02 21:33:30] slim-app.INFO: Slim-Skeleton '/' route [] {"uid":"1460b83"}
[2016-05-02 21:33:33] slim-app.INFO: Slim-Skeleton '/' route [] {"uid":"bb9c059"}
[2016-05-02 21:33:33] slim-app.INFO: Slim-Skeleton '/' route [] {"uid":"066395f"}
[2016-05-02 21:50:32] slim-app.INFO: Slim-Skeleton '/' route [] {"uid":"c287ec9"}
[2016-05-02 21:50:33] slim-app.INFO: Slim-Skeleton '/' route [] {"uid":"5b34b69"}
[2016-05-02 21:50:44] slim-app.INFO: Slim-Skeleton '/' route [] {"uid":"b205a07"}
[2016-05-02 21:50:53] slim-app.INFO: Slim-Skeleton '/' route [] {"uid":"256f1d5"}
[2016-05-02 21:50:54] slim-app.INFO: Slim-Skeleton '/' route [] {"uid":"bcb90bd"}
[2016-05-02 21:51:08] slim-app.INFO: Slim-Skeleton '/' route [] {"uid":"54540aa"}
[2016-05-02 21:51:20] slim-app.INFO: Slim-Skeleton '/' route [] {"uid":"9ddf08d"}
[2016-05-02 21:51:21] slim-app.INFO: Slim-Skeleton '/' route [] {"uid":"2f62249"}
[2016-05-02 21:51:55] slim-app.INFO: Slim-Skeleton '/' route [] {"uid":"c86c184"}
[2016-05-02 21:51:57] slim-app.INFO: Slim-Skeleton '/' route [] {"uid":"7ab4d65"}
[2016-05-02 21:52:05] slim-app.INFO: Slim-Skeleton '/' route [] {"uid":"a719aa5"}
[2016-05-02 21:52:07] slim-app.INFO: Slim-Skeleton '/' route [] {"uid":"70dc9eb"}
[2016-05-02 21:52:08] slim-app.INFO: Slim-Skeleton '/' route [] {"uid":"4bde9c2"}
[2016-05-02 21:52:09] slim-app.INFO: Slim-Skeleton '/' route [] {"uid":"2c7593d"}
[2016-05-02 21:52:23] slim-app.INFO: Slim-Skeleton '/' route [] {"uid":"5efd09a"}
[2016-05-02 21:52:24] slim-app.INFO: Slim-Skeleton '/' route [] {"uid":"97308e8"}
[2016-05-02 21:52:25] slim-app.INFO: Slim-Skeleton '/' route [] {"uid":"7b97e4e"}
[2016-05-02 21:52:26] slim-app.INFO: Slim-Skeleton '/' route [] {"uid":"76ca1c4"}
[2016-05-02 21:53:55] slim-app.INFO: Slim-Skeleton '/' route [] {"uid":"466961c"}
[2016-05-02 21:53:56] slim-app.INFO: Slim-Skeleton '/' route [] {"uid":"066b505"}
[2016-05-02 21:54:36] slim-app.INFO: Slim-Skeleton '/' route [] {"uid":"f8c99b9"}
[2016-05-02 21:55:00] slim-app.INFO: Slim-Skeleton '/' route [] {"uid":"1ca5229"}
[2016-05-02 21:55:02] slim-app.INFO: Slim-Skeleton '/' route [] {"uid":"c3e8876"}
[2016-05-02 21:58:49] slim-app.INFO: Slim-Skeleton '/' route [] {"uid":"75f98ce"}
[2016-05-02 22:02:59] slim-app.INFO: Slim-Skeleton '/' route [] {"uid":"0a38096"}
[2016-05-02 22:03:07] slim-app.INFO: Slim-Skeleton '/' route [] {"uid":"8e00054"}
[2016-05-02 22:03:09] slim-app.INFO: Slim-Skeleton '/' route [] {"uid":"fd9be9b"}
[2016-05-02 22:03:47] slim-app.INFO: Slim-Skeleton '/' route [] {"uid":"3342430"}
[2016-05-02 22:03:56] slim-app.INFO: Slim-Skeleton '/' route [] {"uid":"3362f59"}
[2016-05-02 22:07:16] slim-app.INFO: Slim-Skeleton '/' route [] {"uid":"3cbd831"}
[2016-05-02 22:07:17] slim-app.INFO: Slim-Skeleton '/' route [] {"uid":"d51275f"}
[2016-05-02 22:07:26] slim-app.INFO: Slim-Skeleton '/' route [] {"uid":"d65e95d"}
[2016-05-02 22:07:48] slim-app.INFO: Slim-Skeleton '/' route [] {"uid":"69f1c20"}
[2016-05-02 22:17:49] slim-app.INFO: Slim-Skeleton '/' route [] {"uid":"afa0386"}
[2016-05-02 22:17:53] slim-app.INFO: Slim-Skeleton '/' route [] {"uid":"97070f0"}
[2016-05-02 22:20:20] slim-app.INFO: Slim-Skeleton '/' route [] {"uid":"7eb2001"}
[2016-05-02 22:20:41] slim-app.INFO: Slim-Skeleton '/' route [] {"uid":"1828fce"}
[2016-05-02 22:20:51] slim-app.INFO: Slim-Skeleton '/' route [] {"uid":"4282e54"}
[2016-05-02 22:21:09] slim-app.INFO: Slim-Skeleton '/' route [] {"uid":"9b6f77a"}
[2016-05-02 22:21:15] slim-app.INFO: Slim-Skeleton '/' route [] {"uid":"ae1425c"}
[2016-05-02 22:21:49] slim-app.INFO: Slim-Skeleton '/' route [] {"uid":"9ebaed6"}
[2016-05-02 22:21:57] slim-app.INFO: Slim-Skeleton '/' route [] {"uid":"a5b9a7a"}
[2016-05-02 22:22:12] slim-app.INFO: Slim-Skeleton '/' route [] {"uid":"aed0127"}
[2016-05-02 22:22:22] slim-app.INFO: Slim-Skeleton '/' route [] {"uid":"9e046a0"}
[2016-05-02 22:25:38] slim-app.INFO: Slim-Skeleton '/' route [] {"uid":"b690834"}
[2016-05-02 22:26:19] slim-app.INFO: Slim-Skeleton '/' route [] {"uid":"2211fbf"}
[2016-05-02 22:27:01] slim-app.INFO: Slim-Skeleton '/' route [] {"uid":"e0cfefe"}
[2016-05-02 22:27:03] slim-app.INFO: Slim-Skeleton '/' route [] {"uid":"06e09de"}
[2016-05-02 22:27:14] slim-app.INFO: Slim-Skeleton '/' route [] {"uid":"89f06f6"}
[2016-05-02 22:27:15] slim-app.INFO: Slim-Skeleton '/' route [] {"uid":"0fa1c4b"}
[2016-05-02 22:28:57] slim-app.INFO: Slim-Skeleton '/' route [] {"uid":"69336c3"}
[2016-05-02 22:29:27] slim-app.INFO: Slim-Skeleton '/' route [] {"uid":"5734dfd"}
[2016-05-02 22:29:28] slim-app.INFO: Slim-Skeleton '/' route [] {"uid":"7582f3e"}
[2016-05-02 22:29:42] slim-app.INFO: Slim-Skeleton '/' route [] {"uid":"0fda036"}
[2016-05-02 22:29:44] slim-app.INFO: Slim-Skeleton '/' route [] {"uid":"7a96f77"}
[2016-05-02 22:30:16] slim-app.INFO: Slim-Skeleton '/' route [] {"uid":"6008f36"}
[2016-05-02 22:31:12] slim-app.INFO: Slim-Skeleton '/' route [] {"uid":"55797ad"}
[2016-05-02 22:31:12] slim-app.INFO: Slim-Skeleton '/' route [] {"uid":"6f3b155"}
[2016-05-02 22:31:57] slim-app.INFO: Slim-Skeleton '/' route [] {"uid":"c848dc7"}
[2016-05-02 22:31:58] slim-app.INFO: Slim-Skeleton '/' route [] {"uid":"18339fa"}
[2016-05-02 22:32:43] slim-app.INFO: Slim-Skeleton '/' route [] {"uid":"c8686a1"}
[2016-05-02 22:32:51] slim-app.INFO: Slim-Skeleton '/' route [] {"uid":"83710cd"}
[2016-05-02 22:41:52] slim-app.INFO: Slim-Skeleton '/' route [] {"uid":"9cdfff3"}
[2016-05-03 16:30:00] slim-app.INFO: Slim-Skeleton '/' route [] {"uid":"7fc30b8"}
[2016-05-03 16:35:05] slim-app.INFO: Slim-Skeleton '/' route [] {"uid":"c69a181"}
[2016-05-03 16:35:06] slim-app.INFO: Slim-Skeleton '/' route [] {"uid":"7b4c4ca"}
[2016-05-03 16:35:13] slim-app.INFO: Slim-Skeleton '/' route [] {"uid":"48d1354"}
[2016-05-03 16:35:18] slim-app.INFO: Slim-Skeleton '/' route [] {"uid":"6af0f95"}
[2016-05-03 16:35:19] slim-app.INFO: Slim-Skeleton '/' route [] {"uid":"1bcefb7"}
[2016-05-03 16:37:10] slim-app.INFO: Slim-Skeleton '/' route [] {"uid":"5d521ca"}
[2016-05-03 16:37:11] slim-app.INFO: Slim-Skeleton '/' route [] {"uid":"81dd42f"}
[2016-05-03 16:37:39] slim-app.INFO: Slim-Skeleton '/' route [] {"uid":"a2ee978"}
[2016-05-03 16:38:19] slim-app.INFO: Slim-Skeleton '/' route [] {"uid":"719f46c"}
[2016-05-03 16:38:21] slim-app.INFO: Slim-Skeleton '/' route [] {"uid":"6b79764"}
[2016-05-03 16:38:23] slim-app.INFO: Slim-Skeleton '/' route [] {"uid":"28174f0"}
[2016-05-03 16:38:28] slim-app.INFO: Slim-Skeleton '/' route [] {"uid":"956d32e"}
[2016-05-03 16:38:31] slim-app.INFO: Slim-Skeleton '/' route [] {"uid":"018afba"}
[2016-05-03 16:38:42] slim-app.INFO: Slim-Skeleton '/' route [] {"uid":"c71065c"}
[2016-05-03 16:39:27] slim-app.INFO: Slim-Skeleton '/' route [] {"uid":"3afde80"}
[2016-05-03 16:39:29] slim-app.INFO: Slim-Skeleton '/' route [] {"uid":"f27e867"}
[2016-05-03 16:39:30] slim-app.INFO: Slim-Skeleton '/' route [] {"uid":"9492f89"}
[2016-05-03 16:39:36] slim-app.INFO: Slim-Skeleton '/' route [] {"uid":"604449c"}
[2016-05-03 16:39:47] slim-app.INFO: Slim-Skeleton '/' route [] {"uid":"f6dde8d"}
[2016-05-03 16:39:48] slim-app.INFO: Slim-Skeleton '/' route [] {"uid":"07691ec"}
[2016-05-03 16:39:49] slim-app.INFO: Slim-Skeleton '/' route [] {"uid":"249b5b2"}
[2016-05-03 16:39:53] slim-app.INFO: Slim-Skeleton '/' route [] {"uid":"f9e735f"}
[2016-05-03 16:39:55] slim-app.INFO: Slim-Skeleton '/' route [] {"uid":"cf9df51"}
[2016-05-03 16:39:57] slim-app.INFO: Slim-Skeleton '/' route [] {"uid":"56dfcf3"}
[2016-05-03 16:39:59] slim-app.INFO: Slim-Skeleton '/' route [] {"uid":"43c5f9c"}
[2016-05-03 16:40:16] slim-app.INFO: Slim-Skeleton '/' route [] {"uid":"cd1d35b"}
[2016-05-03 16:40:18] slim-app.INFO: Slim-Skeleton '/' route [] {"uid":"3b5df6e"}
[2016-05-03 16:40:19] slim-app.INFO: Slim-Skeleton '/' route [] {"uid":"9acfed7"}
[2016-05-03 16:40:41] slim-app.INFO: Slim-Skeleton '/' route [] {"uid":"88518b2"}
[2016-05-03 16:40:43] slim-app.INFO: Slim-Skeleton '/' route [] {"uid":"fe75717"}
[2016-05-03 16:40:45] slim-app.INFO: Slim-Skeleton '/' route [] {"uid":"ce56402"}
[2016-05-03 16:41:05] slim-app.INFO: Slim-Skeleton '/' route [] {"uid":"4e47fcb"}
[2016-05-03 16:41:36] slim-app.INFO: Slim-Skeleton '/' route [] {"uid":"0cbc9bd"}
[2016-05-03 16:41:38] slim-app.INFO: Slim-Skeleton '/' route [] {"uid":"9c188df"}
[2016-05-03 16:41:43] slim-app.INFO: Slim-Skeleton '/' route [] {"uid":"76b9670"}
[2016-05-03 16:42:00] slim-app.INFO: Slim-Skeleton '/' route [] {"uid":"3fec198"}
[2016-05-03 16:42:56] slim-app.INFO: Slim-Skeleton '/' route [] {"uid":"f1a8d48"}
[2016-05-03 16:43:02] slim-app.INFO: Slim-Skeleton '/' route [] {"uid":"ebfe969"}
[2016-05-03 16:43:03] slim-app.INFO: Slim-Skeleton '/' route [] {"uid":"91ce514"}
[2016-05-03 16:43:49] slim-app.INFO: Slim-Skeleton '/' route [] {"uid":"eb1c97b"}
[2016-05-03 16:44:44] slim-app.INFO: Slim-Skeleton '/' route [] {"uid":"c46bb8a"}
[2016-05-03 16:44:53] slim-app.INFO: Slim-Skeleton '/' route [] {"uid":"df2af57"}
[2016-05-03 16:44:56] slim-app.INFO: Slim-Skeleton '/' route [] {"uid":"aca4fea"}
[2016-05-03 16:45:22] slim-app.INFO: Slim-Skeleton '/' route [] {"uid":"6b35a5f"}
[2016-05-03 16:45:41] slim-app.INFO: Slim-Skeleton '/' route [] {"uid":"4d429e6"}
[2016-05-03 16:45:44] slim-app.INFO: Slim-Skeleton '/' route [] {"uid":"9aa5a70"}
[2016-05-03 16:45:58] slim-app.INFO: Slim-Skeleton '/' route [] {"uid":"913eb96"}
[2016-05-03 16:46:01] slim-app.INFO: Slim-Skeleton '/' route [] {"uid":"b4938d9"}
[2016-05-03 16:48:03] slim-app.INFO: Slim-Skeleton '/' route [] {"uid":"f08e06a"}
[2016-05-03 16:48:09] slim-app.INFO: Slim-Skeleton '/' route [] {"uid":"17ea34c"}
[2016-05-03 16:51:41] slim-app.INFO: Slim-Skeleton '/' route [] {"uid":"2e51d40"}
[2016-05-03 16:52:03] slim-app.INFO: Slim-Skeleton '/' route [] {"uid":"a98d048"}
[2016-05-03 17:56:05] slim-app.INFO: Slim-Skeleton '/' route [] {"uid":"be7d549"}
[2016-05-03 18:12:07] slim-app.INFO: Slim-Skeleton '/' route [] {"uid":"40cb65f"}
[2016-05-03 18:22:12] slim-app.INFO: Slim-Skeleton '/' route [] {"uid":"90c53ce"}
[2016-05-03 18:22:17] slim-app.INFO: Slim-Skeleton '/' route [] {"uid":"b244f88"}
[2016-05-03 18:22:19] slim-app.INFO: Slim-Skeleton '/' route [] {"uid":"9416acb"}
[2016-05-03 19:11:59] slim-app.INFO: Slim-Skeleton '/' route [] {"uid":"67c0e7b"}
[2016-05-03 19:17:20] slim-app.INFO: Slim-Skeleton '/' route [] {"uid":"8e1f6b1"}
[2016-05-03 19:23:23] slim-app.INFO: Slim-Skeleton '/' route [] {"uid":"ed30c4c"}
[2016-05-03 19:23:59] slim-app.INFO: Slim-Skeleton '/' route [] {"uid":"d43f159"}
[2016-05-03 19:26:40] slim-app.INFO: Slim-Skeleton '/' route [] {"uid":"bb1b275"}
[2016-05-03 19:27:58] slim-app.INFO: Slim-Skeleton '/' route [] {"uid":"4139086"}
[2016-05-03 19:29:35] slim-app.INFO: Slim-Skeleton '/' route [] {"uid":"42e8592"}
[2016-05-03 19:30:07] slim-app.INFO: Slim-Skeleton '/' route [] {"uid":"6fd108f"}
[2016-05-03 19:30:24] slim-app.INFO: Slim-Skeleton '/' route [] {"uid":"c3a5036"}
[2016-05-03 19:30:26] slim-app.INFO: Slim-Skeleton '/' route [] {"uid":"e0b1825"}
[2016-05-03 19:30:30] slim-app.INFO: Slim-Skeleton '/' route [] {"uid":"9855640"}
[2016-05-03 19:30:31] slim-app.INFO: Slim-Skeleton '/' route [] {"uid":"2b43d67"}
[2016-05-03 19:31:15] slim-app.INFO: Slim-Skeleton '/' route [] {"uid":"28cf406"}
[2016-05-03 19:32:47] slim-app.INFO: Slim-Skeleton '/' route [] {"uid":"eed32b7"}
[2016-05-03 19:32:48] slim-app.INFO: Slim-Skeleton '/' route [] {"uid":"a22fc01"}
[2016-05-03 19:39:03] slim-app.INFO: Slim-Skeleton '/' route [] {"uid":"cdfdec6"}
[2016-05-03 19:39:04] slim-app.INFO: Slim-Skeleton '/' route [] {"uid":"8dddf60"}
[2016-05-03 19:39:13] slim-app.INFO: Slim-Skeleton '/' route [] {"uid":"fb0ebae"}
[2016-05-03 19:39:15] slim-app.INFO: Slim-Skeleton '/' route [] {"uid":"941264b"}
[2016-05-03 19:40:42] slim-app.INFO: Slim-Skeleton '/' route [] {"uid":"27b0607"}
[2016-05-03 19:41:14] slim-app.INFO: Slim-Skeleton '/' route [] {"uid":"7d650b0"}
[2016-05-03 19:41:15] slim-app.INFO: Slim-Skeleton '/' route [] {"uid":"952abbc"}
[2016-05-03 19:41:18] slim-app.INFO: Slim-Skeleton '/' route [] {"uid":"a16a58a"}
[2016-05-03 19:41:19] slim-app.INFO: Slim-Skeleton '/' route [] {"uid":"583cc63"}
[2016-05-03 19:43:00] slim-app.INFO: Slim-Skeleton '/' route [] {"uid":"d43854e"}
[2016-05-03 19:43:02] slim-app.INFO: Slim-Skeleton '/' route [] {"uid":"be2a740"}
[2016-05-03 19:45:29] slim-app.INFO: Slim-Skeleton '/' route [] {"uid":"67f6cc6"}
[2016-05-03 19:45:31] slim-app.INFO: Slim-Skeleton '/' route [] {"uid":"ddd9317"}
[2016-05-03 19:46:12] slim-app.INFO: Slim-Skeleton '/' route [] {"uid":"551a490"}
[2016-05-03 19:46:13] slim-app.INFO: Slim-Skeleton '/' route [] {"uid":"430e3ae"}
[2016-05-03 19:46:15] slim-app.INFO: Slim-Skeleton '/' route [] {"uid":"4a30f70"}
[2016-05-03 19:46:40] slim-app.INFO: Slim-Skeleton '/' route [] {"uid":"a1a0032"}
[2016-05-03 19:46:41] slim-app.INFO: Slim-Skeleton '/' route [] {"uid":"2b8d002"}
[2016-05-03 19:46:42] slim-app.INFO: Slim-Skeleton '/' route [] {"uid":"58c483a"}
[2016-05-03 19:49:50] slim-app.INFO: Slim-Skeleton '/' route [] {"uid":"d6269d9"}
[2016-05-03 19:49:52] slim-app.INFO: Slim-Skeleton '/' route [] {"uid":"5afea69"}
[2016-05-03 19:50:21] slim-app.INFO: Slim-Skeleton '/' route [] {"uid":"cfa1b2a"}
[2016-05-03 19:50:22] slim-app.INFO: Slim-Skeleton '/' route [] {"uid":"62d4eed"}
[2016-05-03 19:50:26] slim-app.INFO: Slim-Skeleton '/' route [] {"uid":"5f91656"}
[2016-05-03 19:50:35] slim-app.INFO: Slim-Skeleton '/' route [] {"uid":"a7511d9"}
[2016-05-03 19:50:54] slim-app.INFO: Slim-Skeleton '/' route [] {"uid":"ef5b56a"}
[2016-05-03 19:51:01] slim-app.INFO: Slim-Skeleton '/' route [] {"uid":"f536f84"}
[2016-05-03 19:51:22] slim-app.INFO: Slim-Skeleton '/' route [] {"uid":"a29ee8a"}
[2016-05-03 19:51:23] slim-app.INFO: Slim-Skeleton '/' route [] {"uid":"8884b38"}
[2016-05-03 19:51:31] slim-app.INFO: Slim-Skeleton '/' route [] {"uid":"b4f576f"}
[2016-05-03 19:51:33] slim-app.INFO: Slim-Skeleton '/' route [] {"uid":"9292a5b"}
[2016-05-03 19:51:34] slim-app.INFO: Slim-Skeleton '/' route [] {"uid":"23db1f8"}
[2016-05-03 19:52:39] slim-app.INFO: Slim-Skeleton '/' route [] {"uid":"692f195"}
[2016-05-03 19:52:41] slim-app.INFO: Slim-Skeleton '/' route [] {"uid":"67037a5"}
[2016-05-03 19:52:44] slim-app.INFO: Slim-Skeleton '/' route [] {"uid":"959f00b"}
[2016-05-03 19:53:08] slim-app.INFO: Slim-Skeleton '/' route [] {"uid":"9ec78eb"}
[2016-05-03 19:53:27] slim-app.INFO: Slim-Skeleton '/' route [] {"uid":"eb36ce6"}
[2016-05-03 19:54:13] slim-app.INFO: Slim-Skeleton '/' route [] {"uid":"51ea9b6"}
[2016-05-03 19:55:10] slim-app.INFO: Slim-Skeleton '/' route [] {"uid":"3e6c632"}
[2016-05-03 19:56:27] slim-app.INFO: Slim-Skeleton '/' route [] {"uid":"a74d0eb"}
[2016-05-03 19:56:31] slim-app.INFO: Slim-Skeleton '/' route [] {"uid":"3abe06b"}
[2016-05-03 19:56:40] slim-app.INFO: Slim-Skeleton '/' route [] {"uid":"63ae442"}
[2016-05-03 19:56:48] slim-app.INFO: Slim-Skeleton '/' route [] {"uid":"75f5966"}
[2016-05-03 19:56:55] slim-app.INFO: Slim-Skeleton '/' route [] {"uid":"974a36e"}
[2016-05-03 19:57:02] slim-app.INFO: Slim-Skeleton '/' route [] {"uid":"8c75741"}
[2016-05-03 19:57:03] slim-app.INFO: Slim-Skeleton '/' route [] {"uid":"6d3f3f2"}
[2016-05-03 19:57:04] slim-app.INFO: Slim-Skeleton '/' route [] {"uid":"06c957f"}
[2016-05-03 19:57:18] slim-app.INFO: Slim-Skeleton '/' route [] {"uid":"1914cf3"}
[2016-05-03 19:57:19] slim-app.INFO: Slim-Skeleton '/' route [] {"uid":"b3b8b40"}
[2016-05-03 19:57:20] slim-app.INFO: Slim-Skeleton '/' route [] {"uid":"a73341c"}
[2016-05-03 19:57:37] slim-app.INFO: Slim-Skeleton '/' route [] {"uid":"a38f0e0"}
[2016-05-03 19:57:39] slim-app.INFO: Slim-Skeleton '/' route [] {"uid":"3d29cb5"}
[2016-05-03 19:58:10] slim-app.INFO: Slim-Skeleton '/' route [] {"uid":"ddc3c02"}
[2016-05-03 19:58:13] slim-app.INFO: Slim-Skeleton '/' route [] {"uid":"07b811c"}
[2016-05-03 19:58:14] slim-app.INFO: Slim-Skeleton '/' route [] {"uid":"0942e47"}
[2016-05-03 19:58:15] slim-app.INFO: Slim-Skeleton '/' route [] {"uid":"92aee33"}
[2016-05-03 19:58:25] slim-app.INFO: Slim-Skeleton '/' route [] {"uid":"ed5d1ff"}
[2016-05-03 19:58:26] slim-app.INFO: Slim-Skeleton '/' route [] {"uid":"19d150b"}
[2016-05-03 19:58:30] slim-app.INFO: Slim-Skeleton '/' route [] {"uid":"0e81f61"}
[2016-05-03 19:58:35] slim-app.INFO: Slim-Skeleton '/' route [] {"uid":"c302ddd"}
[2016-05-03 19:58:36] slim-app.INFO: Slim-Skeleton '/' route [] {"uid":"6d69688"}
[2016-05-03 19:59:16] slim-app.INFO: Slim-Skeleton '/' route [] {"uid":"e588343"}
[2016-05-03 19:59:17] slim-app.INFO: Slim-Skeleton '/' route [] {"uid":"a12c4e1"}
[2016-05-03 19:59:18] slim-app.INFO: Slim-Skeleton '/' route [] {"uid":"ebaa82d"}
[2016-05-03 19:59:20] slim-app.INFO: Slim-Skeleton '/' route [] {"uid":"84713c8"}
[2016-05-03 19:59:38] slim-app.INFO: Slim-Skeleton '/' route [] {"uid":"602bbc8"}
[2016-05-03 19:59:40] slim-app.INFO: Slim-Skeleton '/' route [] {"uid":"e719990"}
[2016-05-03 19:59:41] slim-app.INFO: Slim-Skeleton '/' route [] {"uid":"9651bde"}
[2016-05-03 19:59:49] slim-app.INFO: Slim-Skeleton '/' route [] {"uid":"c546bff"}
[2016-05-03 19:59:50] slim-app.INFO: Slim-Skeleton '/' route [] {"uid":"36fb870"}
[2016-05-03 19:59:51] slim-app.INFO: Slim-Skeleton '/' route [] {"uid":"d728e46"}
[2016-05-03 20:00:15] slim-app.INFO: Slim-Skeleton '/' route [] {"uid":"454cc82"}
[2016-05-03 20:00:17] slim-app.INFO: Slim-Skeleton '/' route [] {"uid":"001a57e"}
[2016-05-03 20:00:40] slim-app.INFO: Slim-Skeleton '/' route [] {"uid":"646f4a9"}
[2016-05-03 20:00:41] slim-app.INFO: Slim-Skeleton '/' route [] {"uid":"53ca569"}
[2016-05-03 20:01:24] slim-app.INFO: Slim-Skeleton '/' route [] {"uid":"805993b"}
[2016-05-03 20:01:26] slim-app.INFO: Slim-Skeleton '/' route [] {"uid":"842933d"}
[2016-05-03 20:01:32] slim-app.INFO: Slim-Skeleton '/' route [] {"uid":"d4ed52d"}
[2016-05-03 20:01:45] slim-app.INFO: Slim-Skeleton '/' route [] {"uid":"89161c0"}
[2016-05-03 20:01:46] slim-app.INFO: Slim-Skeleton '/' route [] {"uid":"d7f950d"}
[2016-05-03 20:01:47] slim-app.INFO: Slim-Skeleton '/' route [] {"uid":"6ffbc19"}
[2016-05-03 20:01:48] slim-app.INFO: Slim-Skeleton '/' route [] {"uid":"126b6ec"}
[2016-05-03 20:01:52] slim-app.INFO: Slim-Skeleton '/' route [] {"uid":"0327cd4"}
[2016-05-03 20:01:53] slim-app.INFO: Slim-Skeleton '/' route [] {"uid":"bef3f14"}
[2016-05-03 20:01:53] slim-app.INFO: Slim-Skeleton '/' route [] {"uid":"da1a781"}
[2016-05-03 20:02:01] slim-app.INFO: Slim-Skeleton '/' route [] {"uid":"c48179e"}
[2016-05-03 20:02:14] slim-app.INFO: Slim-Skeleton '/' route [] {"uid":"0b11c69"}
[2016-05-03 20:02:16] slim-app.INFO: Slim-Skeleton '/' route [] {"uid":"3730792"}
[2016-05-03 20:02:18] slim-app.INFO: Slim-Skeleton '/' route [] {"uid":"9a791eb"}
[2016-05-03 20:02:18] slim-app.INFO: Slim-Skeleton '/' route [] {"uid":"c54b0fe"}
[2016-05-03 20:02:19] slim-app.INFO: Slim-Skeleton '/' route [] {"uid":"c7f2f70"}
[2016-05-03 20:02:36] slim-app.INFO: Slim-Skeleton '/' route [] {"uid":"7686d33"}
[2016-05-03 20:02:37] slim-app.INFO: Slim-Skeleton '/' route [] {"uid":"aa65f8b"}
[2016-05-03 20:02:38] slim-app.INFO: Slim-Skeleton '/' route [] {"uid":"63dac08"}
[2016-05-03 20:02:39] slim-app.INFO: Slim-Skeleton '/' route [] {"uid":"d9d459c"}
[2016-05-03 20:02:39] slim-app.INFO: Slim-Skeleton '/' route [] {"uid":"b613947"}
[2016-05-03 20:02:40] slim-app.INFO: Slim-Skeleton '/' route [] {"uid":"7140969"}
[2016-05-03 20:02:40] slim-app.INFO: Slim-Skeleton '/' route [] {"uid":"4b7fc99"}
[2016-05-03 20:02:41] slim-app.INFO: Slim-Skeleton '/' route [] {"uid":"2edbe9a"}
[2016-05-03 20:02:41] slim-app.INFO: Slim-Skeleton '/' route [] {"uid":"b8acfab"}
[2016-05-03 20:02:42] slim-app.INFO: Slim-Skeleton '/' route [] {"uid":"a9adbcb"}
[2016-05-03 20:02:56] slim-app.INFO: Slim-Skeleton '/' route [] {"uid":"4d0104e"}
[2016-05-03 20:03:19] slim-app.INFO: Slim-Skeleton '/' route [] {"uid":"287dadf"}
[2016-05-03 20:03:21] slim-app.INFO: Slim-Skeleton '/' route [] {"uid":"0383827"}
[2016-05-03 20:03:23] slim-app.INFO: Slim-Skeleton '/' route [] {"uid":"a964b5b"}
[2016-05-03 20:05:49] slim-app.INFO: Slim-Skeleton '/' route [] {"uid":"fc1ecff"}
[2016-05-03 20:05:49] slim-app.INFO: Slim-Skeleton '/' route [] {"uid":"1589a86"}
[2016-05-03 20:07:28] slim-app.INFO: Slim-Skeleton '/' route [] {"uid":"08166d3"}
[2016-05-03 20:07:36] slim-app.INFO: Slim-Skeleton '/' route [] {"uid":"b1ef2e3"}
[2016-05-03 20:07:42] slim-app.INFO: Slim-Skeleton '/' route [] {"uid":"2578988"}
[2016-05-03 20:07:51] slim-app.INFO: Slim-Skeleton '/' route [] {"uid":"e58b32a"}
[2016-05-03 20:08:10] slim-app.INFO: Slim-Skeleton '/' route [] {"uid":"8f8d202"}
[2016-05-03 20:08:10] slim-app.INFO: Slim-Skeleton '/' route [] {"uid":"ce3947d"}
[2016-05-03 20:08:30] slim-app.INFO: Slim-Skeleton '/' route [] {"uid":"1016616"}
[2016-05-03 20:09:09] slim-app.INFO: Slim-Skeleton '/' route [] {"uid":"cb7ba33"}
[2016-05-03 20:09:16] slim-app.INFO: Slim-Skeleton '/' route [] {"uid":"153f7c7"}
[2016-05-03 20:09:16] slim-app.INFO: Slim-Skeleton '/' route [] {"uid":"b3d24ce"}
[2016-05-03 20:09:48] slim-app.INFO: Slim-Skeleton '/' route [] {"uid":"7ab66dd"}
[2016-05-03 20:10:01] slim-app.INFO: Slim-Skeleton '/' route [] {"uid":"0bdeaa1"}
[2016-05-03 20:10:26] slim-app.INFO: Slim-Skeleton '/' route [] {"uid":"0e5d68f"}
[2016-05-03 20:10:36] slim-app.INFO: Slim-Skeleton '/' route [] {"uid":"d108a2f"}
[2016-05-03 20:11:05] slim-app.INFO: Slim-Skeleton '/' route [] {"uid":"97e65dc"}
[2016-05-03 20:11:26] slim-app.INFO: Slim-Skeleton '/' route [] {"uid":"993facf"}
[2016-05-03 20:11:30] slim-app.INFO: Slim-Skeleton '/' route [] {"uid":"c1c6c63"}
[2016-05-03 20:11:33] slim-app.INFO: Slim-Skeleton '/' route [] {"uid":"1127547"}
[2016-05-03 20:11:36] slim-app.INFO: Slim-Skeleton '/' route [] {"uid":"30d52dd"}
[2016-05-03 20:11:56] slim-app.INFO: Slim-Skeleton '/' route [] {"uid":"2b8ce13"}
[2016-05-03 20:12:00] slim-app.INFO: Slim-Skeleton '/' route [] {"uid":"89c86d7"}
[2016-05-03 20:12:36] slim-app.INFO: Slim-Skeleton '/' route [] {"uid":"536a492"}
[2016-05-03 20:12:46] slim-app.INFO: Slim-Skeleton '/' route [] {"uid":"065371f"}
[2016-05-03 20:12:53] slim-app.INFO: Slim-Skeleton '/' route [] {"uid":"3663b19"}
[2016-05-03 20:12:59] slim-app.INFO: Slim-Skeleton '/' route [] {"uid":"105d58b"}
[2016-05-03 20:13:09] slim-app.INFO: Slim-Skeleton '/' route [] {"uid":"56569c9"}
[2016-05-03 20:13:16] slim-app.INFO: Slim-Skeleton '/' route [] {"uid":"b5b62c9"}
[2016-05-03 20:13:18] slim-app.INFO: Slim-Skeleton '/' route [] {"uid":"f1dedbc"}
[2016-05-03 20:14:44] slim-app.INFO: Slim-Skeleton '/' route [] {"uid":"c0a6812"}
[2016-05-03 20:15:20] slim-app.INFO: Slim-Skeleton '/' route [] {"uid":"9d11162"}
[2016-05-03 20:16:05] slim-app.INFO: Slim-Skeleton '/' route [] {"uid":"39a0f5d"}
[2016-05-03 20:16:13] slim-app.INFO: Slim-Skeleton '/' route [] {"uid":"176a3c9"}
[2016-05-03 20:16:53] slim-app.INFO: Slim-Skeleton '/' route [] {"uid":"a6eb9d0"}
[2016-05-03 20:16:57] slim-app.INFO: Slim-Skeleton '/' route [] {"uid":"487e5b7"}
[2016-05-03 20:16:58] slim-app.INFO: Slim-Skeleton '/' route [] {"uid":"c2103f1"}
[2016-05-03 20:16:59] slim-app.INFO: Slim-Skeleton '/' route [] {"uid":"49061f6"}
[2016-05-03 20:17:00] slim-app.INFO: Slim-Skeleton '/' route [] {"uid":"e9976f4"}
[2016-05-03 20:17:06] slim-app.INFO: Slim-Skeleton '/' route [] {"uid":"af8038b"}
[2016-05-03 20:17:09] slim-app.INFO: Slim-Skeleton '/' route [] {"uid":"16796d7"}
[2016-05-03 20:17:10] slim-app.INFO: Slim-Skeleton '/' route [] {"uid":"9fc1b54"}
[2016-05-03 20:19:33] slim-app.INFO: Slim-Skeleton '/' route [] {"uid":"1535631"}
[2016-05-03 20:19:34] slim-app.INFO: Slim-Skeleton '/' route [] {"uid":"ec968cc"}
[2016-05-03 20:19:37] slim-app.INFO: Slim-Skeleton '/' route [] {"uid":"35040ed"}
[2016-05-03 20:19:48] slim-app.INFO: Slim-Skeleton '/' route [] {"uid":"aa8b1f8"}
[2016-05-03 20:19:49] slim-app.INFO: Slim-Skeleton '/' route [] {"uid":"e733b32"}
[2016-05-03 20:20:22] slim-app.INFO: Slim-Skeleton '/' route [] {"uid":"d1100f1"}
[2016-05-03 20:20:23] slim-app.INFO: Slim-Skeleton '/' route [] {"uid":"4992984"}
[2016-05-03 20:20:29] slim-app.INFO: Slim-Skeleton '/' route [] {"uid":"7b2d5bf"}
[2016-05-03 20:20:32] slim-app.INFO: Slim-Skeleton '/' route [] {"uid":"20c094e"}
[2016-05-03 20:20:48] slim-app.INFO: Slim-Skeleton '/' route [] {"uid":"d50fb89"}
[2016-05-03 20:20:51] slim-app.INFO: Slim-Skeleton '/' route [] {"uid":"883a7be"}
[2016-05-03 20:20:58] slim-app.INFO: Slim-Skeleton '/' route [] {"uid":"e94e341"}
[2016-05-03 20:21:37] slim-app.INFO: Slim-Skeleton '/' route [] {"uid":"3a1105c"}
[2016-05-03 20:21:43] slim-app.INFO: Slim-Skeleton '/' route [] {"uid":"09c6b41"}
[2016-05-03 20:22:15] slim-app.INFO: Slim-Skeleton '/' route [] {"uid":"0102057"}
[2016-05-03 20:22:49] slim-app.INFO: Slim-Skeleton '/' route [] {"uid":"1bf2046"}
[2016-05-03 20:23:02] slim-app.INFO: Slim-Skeleton '/' route [] {"uid":"75cebf2"}
[2016-05-03 20:25:32] slim-app.INFO: Slim-Skeleton '/' route [] {"uid":"9e72877"}
[2016-05-03 20:25:35] slim-app.INFO: Slim-Skeleton '/' route [] {"uid":"86f8530"}
[2016-05-03 20:25:51] slim-app.INFO: Slim-Skeleton '/' route [] {"uid":"cda9c65"}
[2016-05-03 20:27:18] slim-app.INFO: Slim-Skeleton '/' route [] {"uid":"2a0e3fc"}
[2016-05-03 20:27:19] slim-app.INFO: Slim-Skeleton '/' route [] {"uid":"433c87d"}
[2016-05-03 20:27:52] slim-app.INFO: Slim-Skeleton '/' route [] {"uid":"54d7fd3"}
[2016-05-03 20:28:04] slim-app.INFO: Slim-Skeleton '/' route [] {"uid":"60474a8"}
[2016-05-03 20:28:11] slim-app.INFO: Slim-Skeleton '/' route [] {"uid":"962537c"}
[2016-05-03 20:30:56] slim-app.INFO: Slim-Skeleton '/' route [] {"uid":"72c4e87"}
[2016-05-03 20:30:58] slim-app.INFO: Slim-Skeleton '/' route [] {"uid":"1d8ed7c"}
[2016-05-03 20:30:59] slim-app.INFO: Slim-Skeleton '/' route [] {"uid":"d1ad64d"}
[2016-05-03 20:30:59] slim-app.INFO: Slim-Skeleton '/' route [] {"uid":"235957b"}
[2016-05-03 20:31:16] slim-app.INFO: Slim-Skeleton '/' route [] {"uid":"ef78a57"}
[2016-05-03 20:31:17] slim-app.INFO: Slim-Skeleton '/' route [] {"uid":"acd75dd"}
[2016-05-03 20:31:45] slim-app.INFO: Slim-Skeleton '/' route [] {"uid":"8f6a88f"}
[2016-05-03 20:31:47] slim-app.INFO: Slim-Skeleton '/' route [] {"uid":"1827bb7"}
[2016-05-03 20:31:52] slim-app.INFO: Slim-Skeleton '/' route [] {"uid":"b9f4bab"}
[2016-05-04 00:46:39] slim-app.INFO: Slim-Skeleton '/' route [] {"uid":"a2c6797"}
[2016-05-04 00:46:39] slim-app.INFO: Slim-Skeleton '/' route [] {"uid":"6043477"}
[2016-05-04 00:47:30] slim-app.INFO: Slim-Skeleton '/' route [] {"uid":"52441d1"}
[2016-05-04 00:51:34] slim-app.INFO: Slim-Skeleton '/' route [] {"uid":"dcefeb4"}
[2016-05-04 00:52:06] slim-app.INFO: Slim-Skeleton '/' route [] {"uid":"f5054f2"}
[2016-05-04 00:53:02] slim-app.INFO: Slim-Skeleton '/' route [] {"uid":"9aa92b2"}
[2016-05-04 00:55:56] slim-app.INFO: Slim-Skeleton '/' route [] {"uid":"874e9d0"}
[2016-05-04 00:56:03] slim-app.INFO: Slim-Skeleton '/' route [] {"uid":"efa185f"}
[2016-05-04 00:56:37] slim-app.INFO: Slim-Skeleton '/' route [] {"uid":"1ff0e23"}
[2016-05-04 00:56:37] slim-app.INFO: Slim-Skeleton '/' route [] {"uid":"c0bda7a"}
[2016-05-04 00:56:48] slim-app.INFO: Slim-Skeleton '/' route [] {"uid":"a8f8ded"}
[2016-05-04 00:57:00] slim-app.INFO: Slim-Skeleton '/' route [] {"uid":"9c91230"}
[2016-05-04 00:58:37] slim-app.INFO: Slim-Skeleton '/' route [] {"uid":"550358a"}
[2016-05-04 00:59:14] slim-app.INFO: Slim-Skeleton '/' route [] {"uid":"b746ddf"}
[2016-05-04 01:00:27] slim-app.INFO: Slim-Skeleton '/' route [] {"uid":"55b6b63"}
[2016-05-04 01:01:48] slim-app.INFO: Slim-Skeleton '/' route [] {"uid":"0f0b7a8"}
[2016-05-04 01:01:50] slim-app.INFO: Slim-Skeleton '/' route [] {"uid":"c7bf05e"}
[2016-05-04 01:03:18] slim-app.INFO: Slim-Skeleton '/' route [] {"uid":"4a92e91"}
[2016-05-04 01:04:19] slim-app.INFO: Slim-Skeleton '/' route [] {"uid":"548f2a0"}
[2016-05-04 01:04:20] slim-app.INFO: Slim-Skeleton '/' route [] {"uid":"38f8a0f"}
[2016-05-04 01:04:21] slim-app.INFO: Slim-Skeleton '/' route [] {"uid":"d30b5d1"}
[2016-05-04 01:04:27] slim-app.INFO: Slim-Skeleton '/' route [] {"uid":"11bef77"}
[2016-05-04 01:04:33] slim-app.INFO: Slim-Skeleton '/' route [] {"uid":"895c70d"}
[2016-05-04 01:04:48] slim-app.INFO: Slim-Skeleton '/' route [] {"uid":"3bf95ad"}
[2016-05-04 01:05:28] slim-app.INFO: Slim-Skeleton '/' route [] {"uid":"7b5e0d5"}
[2016-05-04 01:05:37] slim-app.INFO: Slim-Skeleton '/' route [] {"uid":"12a7e5c"}
[2016-05-04 01:05:40] slim-app.INFO: Slim-Skeleton '/' route [] {"uid":"300d8e1"}
[2016-05-04 01:06:47] slim-app.INFO: Slim-Skeleton '/' route [] {"uid":"5eb981a"}
[2016-05-04 01:07:12] slim-app.INFO: Slim-Skeleton '/' route [] {"uid":"92dd860"}
[2016-05-04 01:07:12] slim-app.INFO: Slim-Skeleton '/' route [] {"uid":"acf5b8d"}
[2016-05-04 01:07:12] slim-app.INFO: Slim-Skeleton '/' route [] {"uid":"7887e15"}
[2016-05-04 01:07:13] slim-app.INFO: Slim-Skeleton '/' route [] {"uid":"d363782"}
[2016-05-04 01:07:18] slim-app.INFO: Slim-Skeleton '/' route [] {"uid":"7671c1e"}
[2016-05-04 01:07:59] slim-app.INFO: Slim-Skeleton '/' route [] {"uid":"ad25b86"}
[2016-05-04 01:07:59] slim-app.INFO: Slim-Skeleton '/' route [] {"uid":"01461ed"}
[2016-05-04 01:07:59] slim-app.INFO: Slim-Skeleton '/' route [] {"uid":"0449837"}
[2016-05-04 01:08:11] slim-app.INFO: Slim-Skeleton '/' route [] {"uid":"d03635c"}
[2016-05-04 01:08:15] slim-app.INFO: Slim-Skeleton '/' route [] {"uid":"0b1c24d"}
[2016-05-04 01:09:13] slim-app.INFO: Slim-Skeleton '/' route [] {"uid":"26ac334"}
[2016-05-04 01:09:16] slim-app.INFO: Slim-Skeleton '/' route [] {"uid":"2090182"}
[2016-05-04 01:09:17] slim-app.INFO: Slim-Skeleton '/' route [] {"uid":"3bbc805"}
[2016-05-04 01:09:18] slim-app.INFO: Slim-Skeleton '/' route [] {"uid":"e696f58"}
[2016-05-04 01:09:20] slim-app.INFO: Slim-Skeleton '/' route [] {"uid":"8499390"}
[2016-05-04 01:09:25] slim-app.INFO: Slim-Skeleton '/' route [] {"uid":"14ef2f7"}
[2016-05-04 01:10:15] slim-app.INFO: Slim-Skeleton '/' route [] {"uid":"841db55"}
[2016-05-04 01:10:16] slim-app.INFO: Slim-Skeleton '/' route [] {"uid":"cb6b79c"}
[2016-05-04 01:10:20] slim-app.INFO: Slim-Skeleton '/' route [] {"uid":"8dfc502"}
[2016-05-04 01:11:10] slim-app.INFO: Slim-Skeleton '/' route [] {"uid":"1e42a94"}
[2016-05-04 01:11:15] slim-app.INFO: Slim-Skeleton '/' route [] {"uid":"285b278"}
[2016-05-04 01:15:09] slim-app.INFO: Slim-Skeleton '/' route [] {"uid":"3fd5b51"}
[2016-05-04 01:15:10] slim-app.INFO: Slim-Skeleton '/' route [] {"uid":"1f97c6e"}
[2016-05-04 01:15:11] slim-app.INFO: Slim-Skeleton '/' route [] {"uid":"8c75b0e"}
[2016-05-04 01:15:46] slim-app.INFO: Slim-Skeleton '/' route [] {"uid":"d3755bb"}
[2016-05-04 01:17:23] slim-app.INFO: Slim-Skeleton '/' route [] {"uid":"e15f649"}
[2016-05-04 01:17:25] slim-app.INFO: Slim-Skeleton '/' route [] {"uid":"f4fcebe"}
[2016-05-04 01:17:26] slim-app.INFO: Slim-Skeleton '/' route [] {"uid":"0f0748a"}
[2016-05-04 01:17:54] slim-app.INFO: Slim-Skeleton '/' route [] {"uid":"dcb18f5"}
[2016-05-04 01:17:57] slim-app.INFO: Slim-Skeleton '/' route [] {"uid":"65da794"}
[2016-05-04 01:18:09] slim-app.INFO: Slim-Skeleton '/' route [] {"uid":"44fa456"}
[2016-05-04 01:19:32] slim-app.INFO: Slim-Skeleton '/' route [] {"uid":"f9bdf99"}
[2016-05-04 01:19:37] slim-app.INFO: Slim-Skeleton '/' route [] {"uid":"771acd1"}
[2016-05-04 01:20:59] slim-app.INFO: Slim-Skeleton '/' route [] {"uid":"61c0762"}
[2016-05-04 01:21:39] slim-app.INFO: Slim-Skeleton '/' route [] {"uid":"e7bb580"}
[2016-05-04 01:21:39] slim-app.INFO: Slim-Skeleton '/' route [] {"uid":"55cfbbb"}
[2016-05-04 01:21:42] slim-app.INFO: Slim-Skeleton '/' route [] {"uid":"daee1db"}
[2016-05-04 01:21:50] slim-app.INFO: Slim-Skeleton '/' route [] {"uid":"1b1294f"}
[2016-05-04 01:21:56] slim-app.INFO: Slim-Skeleton '/' route [] {"uid":"2cacd2f"}
[2016-05-04 01:22:48] slim-app.INFO: Slim-Skeleton '/' route [] {"uid":"afede6d"}
[2016-05-04 01:24:14] slim-app.INFO: Slim-Skeleton '/' route [] {"uid":"c99d66b"}
[2016-05-04 01:24:17] slim-app.INFO: Slim-Skeleton '/' route [] {"uid":"d77232a"}
[2016-05-04 01:24:17] slim-app.INFO: Slim-Skeleton '/' route [] {"uid":"4ab1085"}
[2016-05-04 01:24:18] slim-app.INFO: Slim-Skeleton '/' route [] {"uid":"5017fd5"}
[2016-05-04 01:24:58] slim-app.INFO: Slim-Skeleton '/' route [] {"uid":"8838fa9"}
[2016-05-04 01:25:39] slim-app.INFO: Slim-Skeleton '/' route [] {"uid":"39b0b88"}
[2016-05-04 01:25:39] slim-app.INFO: Slim-Skeleton '/' route [] {"uid":"0890991"}
[2016-05-04 01:26:07] slim-app.INFO: Slim-Skeleton '/' route [] {"uid":"344873d"}
[2016-05-04 01:26:07] slim-app.INFO: Slim-Skeleton '/' route [] {"uid":"b64d1b0"}
[2016-05-04 01:26:51] slim-app.INFO: Slim-Skeleton '/' route [] {"uid":"53cb468"}
[2016-05-04 01:27:19] slim-app.INFO: Slim-Skeleton '/' route [] {"uid":"e602f58"}
[2016-05-04 01:28:15] slim-app.INFO: Slim-Skeleton '/' route [] {"uid":"3443867"}
[2016-05-04 01:29:29] slim-app.INFO: Slim-Skeleton '/' route [] {"uid":"6726709"}
[2016-05-04 01:29:42] slim-app.INFO: Slim-Skeleton '/' route [] {"uid":"dea6c15"}
[2016-05-04 01:30:11] slim-app.INFO: Slim-Skeleton '/' route [] {"uid":"3e1ce04"}
[2016-05-04 01:30:11] slim-app.INFO: Slim-Skeleton '/' route [] {"uid":"9d4bd45"}
[2016-05-04 01:30:23] slim-app.INFO: Slim-Skeleton '/' route [] {"uid":"ab8655c"}
[2016-05-04 01:30:23] slim-app.INFO: Slim-Skeleton '/' route [] {"uid":"a651c5f"}
[2016-05-04 01:30:30] slim-app.INFO: Slim-Skeleton '/' route [] {"uid":"b6d2549"}
[2016-05-04 16:23:52] slim-app.INFO: Slim-Skeleton '/' route [] {"uid":"1bf8282"}
